#
# A fatal error has been detected by the Java Runtime Environment:
#
#  Internal Error (javaClasses.cpp:129), pid=3012, tid=2508
#  fatal error: Invalid layout of preloaded class
#
# JRE version: 7.0_17-b02
# Java VM: Java HotSpot(TM) 64-Bit Server VM (23.7-b01 mixed mode windows-amd64 compressed oops)
# Failed to write core dump. Minidumps are not enabled by default on client versions of Windows
#
# If you would like to submit a bug report, please visit:
#   http://bugreport.sun.com/bugreport/crash.jsp
#

---------------  T H R E A D  ---------------

Current thread (0x000000000037d000):  JavaThread "Unknown thread" [_thread_in_vm, id=2508, stack(0x00000000024b0000,0x00000000025b0000)]

Stack: [0x00000000024b0000,0x00000000025b0000]

---------------  P R O C E S S  ---------------

Java Threads: ( => current thread )

Other Threads:

=>0x000000000037d000 (exited) JavaThread "Unknown thread" [_thread_in_vm, id=2508, stack(0x00000000024b0000,0x00000000025b0000)]

VM state:not at safepoint (not fully initialized)

VM Mutex/Monitor currently owned by a thread: None

GC Heap History (0 events):
No events

Deoptimization events (0 events):
No events

Internal exceptions (0 events):
No events

Events (10 events):
Event: 0.006 loading class 0x00000000020d0980 done
Event: 0.006 loading class 0x0000000002092dc0 done
Event: 0.006 loading class 0x0000000002092d90
Event: 0.006 loading class 0x0000000002122450
Event: 0.006 loading class 0x0000000002122450 done
Event: 0.006 loading class 0x0000000002122490
Event: 0.006 loading class 0x0000000002122490 done
Event: 0.006 loading class 0x000000000b4bf8f0
Event: 0.006 loading class 0x000000000b4bf8f0 done
Event: 0.006 loading class 0x0000000002092d90 done


Dynamic libraries:
0x000000013fb80000 - 0x000000013fbb3000 	C:\Program Files\Java\jre7\bin\javaw.exe
0x0000000077c80000 - 0x0000000077e29000 	C:\Windows\SYSTEM32\ntdll.dll
0x0000000077a10000 - 0x0000000077b2f000 	C:\Windows\system32\kernel32.dll
0x000007fefe440000 - 0x000007fefe4ac000 	C:\Windows\system32\KERNELBASE.dll
0x000007fefe5e0000 - 0x000007fefe6bb000 	C:\Windows\system32\ADVAPI32.dll
0x000007fefef10000 - 0x000007fefefaf000 	C:\Windows\system32\msvcrt.dll
0x000007fefe4b0000 - 0x000007fefe4cf000 	C:\Windows\SYSTEM32\sechost.dll
0x000007fefefb0000 - 0x000007feff0dd000 	C:\Windows\system32\RPCRT4.dll
0x00000000775a0000 - 0x000000007769a000 	C:\Windows\system32\USER32.dll
0x000007fefeba0000 - 0x000007fefec07000 	C:\Windows\system32\GDI32.dll
0x000007fefe4d0000 - 0x000007fefe4de000 	C:\Windows\system32\LPK.dll
0x000007fefe6c0000 - 0x000007fefe789000 	C:\Windows\system32\USP10.dll
0x000007fefcaa0000 - 0x000007fefcc94000 	C:\Windows\WinSxS\amd64_microsoft.windows.common-controls_6595b64144ccf1df_6.0.7601.17514_none_fa396087175ac9ac\COMCTL32.dll
0x000007fefee90000 - 0x000007fefef01000 	C:\Windows\system32\SHLWAPI.dll
0x000007fefe9f0000 - 0x000007fefea1e000 	C:\Windows\system32\IMM32.DLL
0x000007feff0e0000 - 0x000007feff1e9000 	C:\Windows\system32\MSCTF.dll
0x0000000064b30000 - 0x0000000064c01000 	C:\Program Files\Java\jre7\bin\msvcr100.dll
0x000000005e990000 - 0x000000005f0af000 	C:\Program Files\Java\jre7\bin\server\jvm.dll
0x000007fefa0f0000 - 0x000007fefa0f9000 	C:\Windows\system32\WSOCK32.dll
0x000007fefe790000 - 0x000007fefe7dd000 	C:\Windows\system32\WS2_32.dll
0x000007fefff80000 - 0x000007fefff88000 	C:\Windows\system32\NSI.dll
0x000007fefba80000 - 0x000007fefbabb000 	C:\Windows\system32\WINMM.dll
0x0000000077e40000 - 0x0000000077e47000 	C:\Windows\system32\PSAPI.DLL
0x0000000074f30000 - 0x0000000074f3f000 	C:\Program Files\Java\jre7\bin\verify.dll
0x000000006eb20000 - 0x000000006eb48000 	C:\Program Files\Java\jre7\bin\java.dll
0x000000006e690000 - 0x000000006e6a5000 	C:\Program Files\Java\jre7\bin\zip.dll

VM Arguments:
jvm_args: -Dfile.encoding=Cp1252 -Xbootclasspath:D:\Downloads\Program_Setups\Programming Tools\adt-bundle-windows-x86_64-20130219\sdk\platforms\android-17\android.jar 
java_command: org.eclipse.jdt.internal.junit.runner.RemoteTestRunner -version 3 -port 52793 -testLoaderClass org.eclipse.jdt.internal.junit4.runner.JUnit4TestLoader -loaderpluginname org.eclipse.jdt.junit4.runtime -classNames com.example.pocketpolitics.control.ArticleRetriever
Launcher Type: SUN_STANDARD

Environment Variables:
PATH=C:\Program Files (x86)\Intel\iCLS Client\;C:\Program Files\Intel\iCLS Client\;C:\Program Files (x86)\AMD APP\bin\x86_64;C:\Program Files (x86)\AMD APP\bin\x86;C:\Windows\system32;C:\Windows;C:\Windows\System32\Wbem;C:\Windows\System32\WindowsPowerShell\v1.0\;C:\Program Files (x86)\Intel\OpenCL SDK\2.0\bin\x86;C:\Program Files (x86)\Intel\OpenCL SDK\2.0\bin\x64;C:\Program Files (x86)\ATI Technologies\ATI.ACE\Core-Static;C:\MinGW\bin;C:\Program Files\Intel\Intel(R) Management Engine Components\DAL;C:\Program Files\Intel\Intel(R) Management Engine Components\IPT;C:\Program Files (x86)\Intel\Intel(R) Management Engine Components\DAL;C:\Program Files (x86)\Intel\Intel(R) Management Engine Components\IPT;C:\Program Files\Samsung\AllShare Framework DMS\1.3.06\;C:\Program Files\Samsung\AllShare Framework DMS\1.3.06\64bit\;D:\Program\MATLAB\runtime\win64;D:\Program\MATLAB\bin;C:\Program Files (x86)\Git\cmd
USERNAME=Leif
OS=Windows_NT
PROCESSOR_IDENTIFIER=Intel64 Family 6 Model 58 Stepping 9, GenuineIntel



---------------  S Y S T E M  ---------------

OS: Windows 7 , 64 bit Build 7601 Service Pack 1

CPU:total 4 (4 cores per cpu, 1 threads per core) family 6 model 58 stepping 9, cmov, cx8, fxsr, mmx, sse, sse2, sse3, ssse3, sse4.1, sse4.2, popcnt, avx, tsc, tscinvbit, tscinv

Memory: 4k page, physical 8349796k(4825232k free), swap 16697732k(11281620k free)

vm_info: Java HotSpot(TM) 64-Bit Server VM (23.7-b01) for windows-amd64 JRE (1.7.0_17-b02), built on Mar  1 2013 03:38:30 by "java_re" with unknown MS VC++:1600

time: Wed Apr 17 14:45:27 2013
elapsed time: 0 seconds

